{"meta": {"format": 3, "version": "7.11.0", "timestamp": "2025-11-10T14:21:58.688423", "branch_coverage": true, "show_contexts": false}, "files": {"HumanEval_114.py": {"executed_lines": [6, 14, 17, 18, 20, 21, 22, 24, 27], "summary": {"covered_lines": 9, "num_statements": 10, "percent_covered": 85.71428571428571, "percent_covered_display": "86", "missing_lines": 1, "excluded_lines": 0, "num_branches": 4, "num_partial_branches": 1, "covered_branches": 3, "missing_branches": 1}, "missing_lines": [15], "excluded_lines": [], "executed_branches": [[14, 17], [20, 21], [20, 24]], "missing_branches": [[14, 15]], "functions": {"minSubArraySum": {"executed_lines": [14, 17, 18, 20, 21, 22, 24], "summary": {"covered_lines": 7, "num_statements": 8, "percent_covered": 83.33333333333333, "percent_covered_display": "83", "missing_lines": 1, "excluded_lines": 0, "num_branches": 4, "num_partial_branches": 1, "covered_branches": 3, "missing_branches": 1}, "missing_lines": [15], "excluded_lines": [], "executed_branches": [[14, 17], [20, 21], [20, 24]], "missing_branches": [[14, 15]]}, "": {"executed_lines": [6, 27], "summary": {"covered_lines": 2, "num_statements": 2, "percent_covered": 100.0, "percent_covered_display": "100", "missing_lines": 0, "excluded_lines": 0, "num_branches": 0, "num_partial_branches": 0, "covered_branches": 0, "missing_branches": 0}, "missing_lines": [], "excluded_lines": [], "executed_branches": [], "missing_branches": []}}, "classes": {"": {"executed_lines": [6, 14, 17, 18, 20, 21, 22, 24, 27], "summary": {"covered_lines": 9, "num_statements": 10, "percent_covered": 85.71428571428571, "percent_covered_display": "86", "missing_lines": 1, "excluded_lines": 0, "num_branches": 4, "num_partial_branches": 1, "covered_branches": 3, "missing_branches": 1}, "missing_lines": [15], "excluded_lines": [], "executed_branches": [[14, 17], [20, 21], [20, 24]], "missing_branches": [[14, 15]]}}}}, "totals": {"covered_lines": 9, "num_statements": 10, "percent_covered": 85.71428571428571, "percent_covered_display": "86", "missing_lines": 1, "excluded_lines": 0, "num_branches": 4, "num_partial_branches": 1, "covered_branches": 3, "missing_branches": 1}}